\BOOKMARK [-1][-]{part.1}{\376\377\000I\000\040\000I\000n\000t\000r\000o\000d\000u\000c\000t\000i\000o\000n}{}% 1
\BOOKMARK [0][-]{chapter.1}{\376\377\000L\000i\000q\000u\000i\000d\000s\000\040\000a\000t\000\040\000S\000c\000a\000l\000e}{part.1}% 2
\BOOKMARK [1][-]{section.1.1}{\376\377\000L\000i\000q\000u\000i\000d\000s\000\040\000a\000t\000\040\000s\000c\000a\000l\000e}{chapter.1}% 3
\BOOKMARK [2][-]{subsection.1.1.1}{\376\377\000T\000h\000e\000\040\000P\000r\000o\000m\000i\000s\000e\000\040\000o\000f\000\040\000M\000o\000l\000e\000c\000u\000l\000a\000r\000\040\000s\000i\000m\000u\000l\000a\000t\000i\000o\000n}{section.1.1}% 4
\BOOKMARK [0][-]{chapter.2}{\376\377\000I\000n\000t\000e\000r\000f\000a\000c\000i\000a\000l\000\040\000D\000o\000u\000b\000l\000e\000\040\000L\000a\000y\000e\000r\000s}{part.1}% 5
\BOOKMARK [1][-]{section.2.1}{\376\377\000P\000h\000y\000s\000i\000c\000a\000l\000\040\000D\000e\000s\000c\000r\000i\000p\000t\000i\000o\000n}{chapter.2}% 6
\BOOKMARK [2][-]{subsection.2.1.1}{\376\377\000I\000l\000l\000u\000s\000t\000r\000a\000t\000e\000d\000\040\000f\000o\000r\000m\000a\000t\000i\000o\000n\000\040\000o\000f\000\040\000a\000\040\000d\000o\000u\000b\000l\000e\000\040\000l\000a\000y\000e\000r}{section.2.1}% 7
\BOOKMARK [2][-]{subsection.2.1.2}{\376\377\000C\000r\000i\000t\000e\000r\000i\000a\000\040\000f\000o\000r\000\040\000f\000o\000r\000m\000a\000t\000i\000o\000n}{section.2.1}% 8
\BOOKMARK [1][-]{section.2.2}{\376\377\000E\000l\000e\000c\000t\000r\000i\000c\000a\000l\000\040\000B\000e\000h\000a\000v\000i\000o\000u\000r}{chapter.2}% 9
\BOOKMARK [2][-]{subsection.2.2.1}{\376\377\000C\000a\000p\000a\000c\000i\000t\000i\000v\000e\000\040\000A\000c\000t\000i\000o\000n}{section.2.2}% 10
\BOOKMARK [2][-]{subsection.2.2.2}{\376\377\000M\000e\000t\000h\000o\000d\000s\000\040\000o\000f\000\040\000M\000o\000d\000e\000l\000l\000i\000n\000g}{section.2.2}% 11
\BOOKMARK [-1][-]{part.2}{\376\377\000I\000I\000\040\000D\000o\000u\000b\000l\000e\000\040\000L\000a\000y\000e\000r\000s\000\040\000O\000n\000\040\000I\000n\000s\000u\000l\000a\000t\000o\000r\000s}{}% 12
\BOOKMARK [0][-]{chapter.3}{\376\377\000H\000a\000r\000v\000e\000s\000t\000i\000n\000g\000\040\000E\000n\000e\000r\000g\000y}{part.2}% 13
\BOOKMARK [1][-]{section.3.1}{\376\377\000T\000h\000e\000\040\000s\000t\000r\000e\000a\000m\000i\000n\000g\000\040\000p\000o\000t\000e\000n\000t\000i\000a\000l\000\040\000c\000e\000l\000l}{chapter.3}% 14
\BOOKMARK [1][-]{section.3.2}{\376\377\000R\000e\000p\000l\000i\000c\000a\000t\000i\000n\000g\000\040\000a\000n\000\040\000e\000x\000p\000e\000r\000i\000m\000e\000n\000t}{chapter.3}% 15
\BOOKMARK [2][-]{subsection.3.2.1}{\376\377\000E\000x\000p\000e\000r\000i\000m\000e\000n\000t\000a\000l\000\040\000P\000r\000o\000c\000e\000d\000u\000r\000e}{section.3.2}% 16
\BOOKMARK [3][-]{subsubsection.3.2.1.1}{\376\377\000C\000o\000n\000s\000t\000r\000u\000c\000t\000i\000o\000n}{subsection.3.2.1}% 17
\BOOKMARK [3][-]{subsubsection.3.2.1.2}{\376\377\000M\000e\000a\000s\000u\000r\000e\000m\000e\000n\000t}{subsection.3.2.1}% 18
\BOOKMARK [2][-]{subsection.3.2.2}{\376\377\000R\000e\000s\000u\000l\000t\000s}{section.3.2}% 19
\BOOKMARK [2][-]{subsection.3.2.3}{\376\377\000C\000o\000n\000c\000l\000u\000s\000i\000o\000n}{section.3.2}% 20
\BOOKMARK [1][-]{section.3.3}{\376\377\000G\000o\000v\000e\000r\000n\000i\000n\000g\000\040\000m\000o\000d\000e\000l}{chapter.3}% 21
\BOOKMARK [2][-]{subsection.3.3.1}{\376\377\000C\000h\000a\000r\000g\000e\000\040\000s\000e\000p\000a\000r\000a\000t\000i\000o\000n\000\040\000a\000n\000a\000l\000y\000s\000i\000s}{section.3.3}% 22
\BOOKMARK [2][-]{subsection.3.3.2}{\376\377\000M\000a\000t\000h\000e\000m\000a\000t\000i\000c\000s}{section.3.3}% 23
\BOOKMARK [2][-]{subsection.3.3.3}{\376\377\000E\000l\000e\000c\000t\000r\000i\000c\000a\000l\000\040\000m\000o\000d\000e\000l}{section.3.3}% 24
\BOOKMARK [2][-]{subsection.3.3.4}{\376\377\000O\000u\000t\000p\000u\000t\000\040\000a\000n\000a\000l\000y\000s\000i\000s}{section.3.3}% 25
\BOOKMARK [3][-]{subsubsection.3.3.4.1}{\376\377\000F\000i\000n\000d\000i\000n\000g\000\040\000a\000n\000\040\000o\000p\000t\000i\000m\000u\000m\000\040\000v\000a\000l\000u\000e\000\040\000f\000o\000r\000\040\000R\000o\000u\000t}{subsection.3.3.4}% 26
\BOOKMARK [3][-]{subsubsection.3.3.4.2}{\376\377\000O\000p\000t\000i\000m\000i\000s\000a\000t\000i\000o\000n\000\040\000o\000f\000\040\000R\000h\000\040\000a\000n\000d\000\040\000P}{subsection.3.3.4}% 27
\BOOKMARK [3][-]{subsubsection.3.3.4.3}{\376\377\000O\000p\000t\000i\000m\000i\000s\000a\000t\000i\000o\000n\000\040\000o\000f\000\040\000t\000h\000e\000\040\000Z\000e\000t\000a\000\040\000p\000o\000t\000e\000n\000t\000i\000a\000l}{subsection.3.3.4}% 28
\BOOKMARK [0][-]{chapter.4}{\376\377\000W\000i\000r\000e\000l\000e\000s\000s\000\040\000W\000a\000t\000e\000r\000\040\000M\000e\000t\000e\000r\000i\000n\000g}{part.2}% 29
\BOOKMARK [0][-]{chapter.5}{\376\377\000E\000n\000e\000r\000g\000y\000\040\000R\000e\000q\000u\000i\000r\000e\000m\000e\000n\000t\000s}{part.2}% 30
\BOOKMARK [1][-]{section.5.1}{\376\377\000M\000i\000c\000r\000o\000c\000o\000n\000t\000r\000o\000l\000l\000e\000r}{chapter.5}% 31
\BOOKMARK [1][-]{section.5.2}{\376\377\000S\000e\000l\000e\000c\000t\000i\000o\000n}{chapter.5}% 32
\BOOKMARK [1][-]{section.5.3}{\376\377\000P\000o\000w\000e\000r\000\040\000c\000o\000n\000s\000u\000m\000p\000t\000i\000o\000n}{chapter.5}% 33
\BOOKMARK [2][-]{subsection.5.3.1}{\376\377\000T\000e\000s\000t\000\040\000c\000o\000n\000d\000i\000t\000i\000o\000n\000s}{section.5.3}% 34
\BOOKMARK [2][-]{subsection.5.3.2}{\376\377\000S\000l\000e\000e\000p\000i\000n\000g}{section.5.3}% 35
\BOOKMARK [2][-]{subsection.5.3.3}{\376\377\000P\000r\000o\000c\000e\000s\000s\000i\000n\000g}{section.5.3}% 36
\BOOKMARK [3][-]{subsubsection.5.3.3.1}{\376\377\000B\000e\000h\000i\000n\000d\000\040\000t\000h\000e\000\040\000s\000c\000e\000n\000e\000s\000\040}{subsection.5.3.3}% 37
\BOOKMARK [3][-]{subsubsection.5.3.3.2}{\376\377\000P\000o\000w\000e\000r\000\040\000c\000o\000n\000s\000u\000m\000e\000d\000\040\000w\000h\000i\000l\000e\000\040\000p\000r\000o\000c\000e\000s\000s\000i\000n\000g}{subsection.5.3.3}% 38
\BOOKMARK [3][-]{subsubsection.5.3.3.3}{\376\377\000J\000o\000u\000l\000e\000s\000\040\000o\000f\000\040\000e\000n\000e\000r\000g\000y\000\040\000c\000o\000n\000s\000u\000m\000e\000d\000\040\000p\000e\000r\000\040\000i\000n\000s\000t\000r\000u\000c\000t\000i\000o\000n\000\040\000c\000y\000c\000l\000e}{subsection.5.3.3}% 39
\BOOKMARK [3][-]{subsubsection.5.3.3.4}{\376\377\000P\000e\000r\000f\000o\000r\000m\000a\000n\000c\000e\000\040\000b\000e\000n\000c\000h\000m\000a\000r\000k}{subsection.5.3.3}% 40
\BOOKMARK [2][-]{subsection.5.3.4}{\376\377\000N\000o\000n\000-\000v\000o\000l\000a\000t\000i\000l\000e\000\040\000m\000e\000m\000o\000r\000y}{section.5.3}% 41
\BOOKMARK [2][-]{subsection.5.3.5}{\376\377\000A\000n\000a\000l\000o\000g\000-\000t\000o\000-\000d\000i\000g\000i\000t\000a\000l\000\040\000c\000o\000n\000v\000e\000r\000s\000i\000o\000n\000s\000.}{section.5.3}% 42
\BOOKMARK [1][-]{section.5.4}{\376\377\000D\000a\000t\000a\000\040\000T\000r\000a\000n\000s\000m\000i\000s\000s\000i\000o\000n}{chapter.5}% 43
\BOOKMARK [1][-]{section.5.5}{\376\377\000P\000o\000w\000e\000r\000\040\000C\000o\000n\000s\000u\000m\000p\000t\000i\000o\000n}{chapter.5}% 44
\BOOKMARK [0][-]{chapter.6}{\376\377\000H\000a\000r\000v\000e\000s\000t\000e\000r\000\040\000D\000e\000s\000i\000g\000n}{part.2}% 45
\BOOKMARK [1][-]{section.6.1}{\376\377\000T\000h\000e\000\040\000f\000i\000r\000s\000t\000\040\000p\000r\000o\000t\000o\000t\000y\000p\000e}{chapter.6}% 46
\BOOKMARK [-1][-]{part.3}{\376\377\000I\000I\000I\000\040\000D\000o\000u\000b\000l\000e\000\040\000l\000a\000y\000e\000r\000s\000\040\000o\000n\000\040\000c\000o\000n\000d\000u\000c\000t\000o\000r\000s}{}% 47
\BOOKMARK [0][-]{chapter.7}{\376\377\000E\000l\000e\000c\000t\000r\000i\000c\000a\000l\000l\000y\000\040\000M\000o\000d\000e\000l\000l\000i\000n\000g\000\040\000a\000n\000\040\000I\000n\000t\000e\000r\000f\000a\000c\000e}{part.3}% 48
\BOOKMARK [1][-]{section.7.1}{\376\377\000J\000o\000n\000a\000t\000h\000a\000n\000\040\000S\000c\000o\000t\000t\000'\000s\000\040\000S\000P\000I\000C\000E\000\040\000M\000o\000d\000e\000l}{chapter.7}% 49
\BOOKMARK [2][-]{subsection.7.1.1}{\376\377\000R\000e\000s\000i\000s\000t\000o\000r\000\040\000L\000a\000d\000d\000e\000r}{section.7.1}% 50
\BOOKMARK [2][-]{subsection.7.1.2}{\376\377\000C\000P\000E}{section.7.1}% 51
\BOOKMARK [2][-]{subsection.7.1.3}{\376\377\000D\000i\000o\000d\000e\000s}{section.7.1}% 52
\BOOKMARK [2][-]{subsection.7.1.4}{\376\377\000M\000e\000m\000r\000i\000s\000t\000o\000r}{section.7.1}% 53
\BOOKMARK [0][-]{chapter.8}{\376\377\000D\000e\000t\000e\000r\000m\000i\000n\000i\000n\000g\000\040\000I\000n\000t\000e\000r\000f\000a\000c\000e\000\040\000P\000a\000r\000a\000m\000e\000t\000e\000r\000s}{part.3}% 54
\BOOKMARK [1][-]{section.8.1}{\376\377\000S\000c\000a\000l\000i\000n\000g\000\040\000o\000f\000\040\000p\000a\000r\000a\000m\000e\000t\000e\000r\000s\000\040\000w\000i\000t\000h\000\040\000s\000a\000l\000i\000n\000i\000t\000y}{chapter.8}% 55
\BOOKMARK [2][-]{subsection.8.1.1}{\376\377\000S\000m\000a\000l\000l\000-\000s\000i\000g\000n\000a\000l\000\040\000s\000c\000a\000l\000i\000n\000g}{section.8.1}% 56
\BOOKMARK [2][-]{subsection.8.1.2}{\376\377\000C\000P\000E\000\040\000s\000c\000a\000l\000i\000n\000g}{section.8.1}% 57
\BOOKMARK [2][-]{subsection.8.1.3}{\376\377\000D\000i\000o\000d\000e\000\040\000s\000c\000a\000l\000i\000n\000g}{section.8.1}% 58
\BOOKMARK [2][-]{subsection.8.1.4}{\376\377\000D\000i\000s\000c\000u\000s\000s\000i\000o\000n}{section.8.1}% 59
\BOOKMARK [1][-]{section.8.2}{\376\377\000B\000i\000o\000l\000o\000g\000i\000c\000a\000l\000\040\000p\000a\000r\000a\000m\000e\000t\000e\000r\000\040\000m\000e\000a\000s\000u\000r\000e\000m\000e\000n\000t\000s}{chapter.8}% 60
\BOOKMARK [2][-]{subsection.8.2.1}{\376\377\000C\000P\000E\000\040\000i\000n\000-\000v\000i\000v\000o}{section.8.2}% 61
\BOOKMARK [2][-]{subsection.8.2.2}{\376\377\000C\000P\000E\000\040\000b\000u\000t\000c\000h\000e\000r\000e\000d\000\040\000s\000h\000e\000e\000p}{section.8.2}% 62
\BOOKMARK [2][-]{subsection.8.2.3}{\376\377\000D\000i\000s\000c\000u\000s\000s\000i\000o\000n}{section.8.2}% 63
\BOOKMARK [1][-]{section.8.3}{\376\377\000F\000a\000r\000a\000d\000a\000i\000c\000\040\000C\000u\000r\000r\000e\000n\000t\000s}{chapter.8}% 64
\BOOKMARK [2][-]{subsection.8.3.1}{\376\377\000D\000C\000\040\000M\000e\000a\000s\000u\000e\000m\000e\000n\000t}{section.8.3}% 65
\BOOKMARK [2][-]{subsection.8.3.2}{\376\377\000D\000i\000s\000c\000u\000s\000s\000i\000o\000n}{section.8.3}% 66
\BOOKMARK [1][-]{section.8.4}{\376\377\000T\000O\000\040\000R\000E\000H\000O\000M\000E\000\040\000-\000\040\000R\000E\000C\000Y\000C\000L\000E\000\040\000T\000H\000I\000S}{chapter.8}% 67
\BOOKMARK [-1][-]{part.4}{\376\377\000I\000V\000\040\000A\000p\000p\000e\000n\000d\000i\000c\000e\000s}{}% 68
\BOOKMARK [0][-]{appendix.A}{\376\377\000A\000l\000t\000e\000r\000n\000a\000t\000i\000v\000e\000\040\000E\000n\000e\000r\000g\000y\000\040\000H\000a\000r\000v\000e\000s\000t\000e\000r}{part.4}% 69
\BOOKMARK [1][-]{section.A.1}{\376\377\000H\000o\000w\000\040\000c\000h\000a\000r\000g\000e\000\040\000i\000s\000\040\000g\000e\000n\000e\000r\000a\000t\000e\000d}{appendix.A}% 70
\BOOKMARK [1][-]{section.A.2}{\376\377\000R\000e\000p\000l\000i\000c\000a\000t\000i\000n\000g\000\040\000t\000h\000e\000\040\000e\000x\000p\000e\000r\000i\000m\000e\000n\000t}{appendix.A}% 71
\BOOKMARK [1][-]{section.A.3}{\376\377\000O\000p\000t\000i\000m\000i\000s\000i\000n\000g\000\040\000o\000u\000t\000p\000u\000t}{appendix.A}% 72
\BOOKMARK [2][-]{subsection.A.3.1}{\376\377\000D\000r\000o\000p\000\040\000v\000o\000l\000u\000m\000e\000\040\000a\000n\000d\000\040\000f\000r\000e\000q\000u\000e\000n\000c\000y}{section.A.3}% 73
\BOOKMARK [3][-]{subsubsection.A.3.1.1}{\376\377\000E\000x\000p\000e\000r\000i\000m\000e\000n\000t\000a\000l\000\040\000s\000e\000t\000u\000p}{subsection.A.3.1}% 74
\BOOKMARK [3][-]{subsubsection.A.3.1.2}{\376\377\000R\000e\000s\000u\000l\000t\000s}{subsection.A.3.1}% 75
\BOOKMARK [3][-]{subsubsection.A.3.1.3}{\376\377\000C\000o\000n\000c\000l\000u\000s\000i\000o\000n\000\040\000\046\000\040\000d\000i\000s\000c\000u\000s\000s\000i\000o\000n}{subsection.A.3.1}% 76
\BOOKMARK [2][-]{subsection.A.3.2}{\376\377\000S\000c\000a\000l\000e}{section.A.3}% 77
\BOOKMARK [3][-]{subsubsection.A.3.2.1}{\376\377\000I\000n\000v\000e\000s\000t\000i\000g\000a\000t\000i\000o\000n\000:}{subsection.A.3.2}% 78
\BOOKMARK [0][-]{appendix.B}{\376\377\000M\000i\000c\000r\000o\000p\000r\000o\000c\000e\000s\000s\000o\000r\000\040\000P\000o\000w\000e\000r\000\040\000M\000e\000a\000s\000u\000r\000e\000m\000e\000n\000t\000s}{part.4}% 79
\BOOKMARK [1][-]{section.B.1}{\376\377\000M\000e\000a\000s\000u\000r\000e\000m\000e\000n\000t\000\040\000s\000c\000r\000i\000p\000t\000s}{appendix.B}% 80
\BOOKMARK [2][-]{subsection.B.1.1}{\376\377\000E\0005\0002\0007\0000\000\040\000S\000c\000r\000i\000p\000t\000s}{section.B.1}% 81
\BOOKMARK [1][-]{section.B.2}{\376\377\000M\000e\000a\000s\000u\000r\000e\000m\000e\000n\000t\000\040\000d\000a\000t\000a}{appendix.B}% 82
\BOOKMARK [2][-]{subsection.B.2.1}{\376\377\000C\000h\000i\000p\000s\000\040\000s\000l\000e\000e\000p\000i\000n\000g}{section.B.2}% 83
\BOOKMARK [2][-]{subsection.B.2.2}{\376\377\000C\000l\000o\000c\000k\000i\000n\000g}{section.B.2}% 84
\BOOKMARK [3][-]{subsubsection.B.2.2.1}{\376\377\000A\000T\000t\000i\000n\000y\0001\0003\000V}{subsection.B.2.2}% 85
\BOOKMARK [3][-]{subsubsection.B.2.2.2}{\376\377\000A\000T\000t\000i\000n\000y\0002\0005\000V}{subsection.B.2.2}% 86
\BOOKMARK [3][-]{subsubsection.B.2.2.3}{\376\377\000M\000i\000c\000r\000o\000c\000h\000i\000p\000\040\000P\000I\000C\0001\0006\000F\0001\0008\0002\0007}{subsection.B.2.2}% 87
\BOOKMARK [1][-]{section.B.3}{\376\377\000M\000i\000c\000r\000o\000p\000r\000o\000c\000e\000s\000s\000o\000r\000\040\000T\000e\000s\000t\000\040\000C\000o\000d\000e}{appendix.B}% 88
\BOOKMARK [2][-]{subsection.B.3.1}{\376\377\000A\000T\000M\000E\000L\000\040\000A\000T\000t\000i\000n\000y\0001\0003\000V\000\040\000a\000n\000d\000\040\000A\000T\000t\000i\000n\000y\0002\0005}{section.B.3}% 89
\BOOKMARK [3][-]{subsubsection.B.3.1.1}{\376\377\000S\000l\000e\000e\000p}{subsection.B.3.1}% 90
\BOOKMARK [3][-]{subsubsection.B.3.1.2}{\376\377\000C\000l\000o\000c\000k\000i\000n\000g}{subsection.B.3.1}% 91
\BOOKMARK [2][-]{subsection.B.3.2}{\376\377\000M\000i\000c\000r\000o\000c\000h\000i\000p\000\040\0001\0002\000F\0006\0007\0005}{section.B.3}% 92
\BOOKMARK [3][-]{subsubsection.B.3.2.1}{\376\377\000S\000l\000e\000e\000p}{subsection.B.3.2}% 93
\BOOKMARK [2][-]{subsection.B.3.3}{\376\377\000M\000i\000c\000r\000o\000c\000h\000i\000p\000\040\0001\0006\000F\0001\0008\0002\0007}{section.B.3}% 94
\BOOKMARK [3][-]{subsubsection.B.3.3.1}{\376\377\000S\000l\000e\000e\000p}{subsection.B.3.3}% 95
\BOOKMARK [3][-]{subsubsection.B.3.3.2}{\376\377\000C\000l\000o\000c\000k\000i\000n\000g}{subsection.B.3.3}% 96
\BOOKMARK [2][-]{subsection.B.3.4}{\376\377\000F\000r\000e\000e\000s\000c\000a\000l\000e\000\040\000M\0009\000S\0000\0008\000Q\000G\0008}{section.B.3}% 97
\BOOKMARK [3][-]{subsubsection.B.3.4.1}{\376\377\000S\000l\000e\000e\000p}{subsection.B.3.4}% 98
\BOOKMARK [0][-]{appendix.C}{\376\377\000S\000t\000r\000e\000a\000m\000i\000n\000g\000\040\000C\000e\000l\000l\000\040\000M\000e\000s\000a\000u\000r\000e\000m\000e\000n\000t\000s}{part.4}% 99
\BOOKMARK [1][-]{section.C.1}{\376\377\000S\000t\000r\000e\000a\000m\000i\000n\000g\000\040\000P\000o\000t\000e\000n\000t\000i\000a\000l\000\040\000C\000e\000l\000l\000\040\000M\000e\000a\000s\000u\000r\000e\000m\000e\000n\000t\000s}{appendix.C}% 100
\BOOKMARK [0][-]{section*.6}{\376\377\000B\000i\000b\000l\000i\000o\000g\000r\000a\000p\000h\000y}{part.4}% 101
