This is pdfTeX, Version 3.1415926-2.5-1.40.14 (TeX Live 2013/Arch Linux) (format=pdflatex 2014.6.17)  17 JUN 2014 13:06
entering extended mode
 restricted \write18 enabled.
 %&-line parsing enabled.
**/home/mark/repos/Thesis/content/pt1/01-PowerHarvesting/chapter.tex
(/home/mark/repos/Thesis/content/pt1/01-PowerHarvesting/chapter.tex
LaTeX2e <2011/06/27>
Babel <3.9h> and hyphenation patterns for 78 languages loaded.

! LaTeX Error: Missing \begin{document}.

See the LaTeX manual or LaTeX Companion for explanation.
Type  H <return>  for immediate help.
 ...                                              
                                                  
l.17 O
      ne practical application of the interfacial double layer is that of el...

? 
! Emergency stop.
 ...                                              
                                                  
l.17 O
      ne practical application of the interfacial double layer is that of el...

You're in trouble here.  Try typing  <return>  to proceed.
If that doesn't work, type  X <return>  to quit.

 
Here is how much of TeX's memory you used:
 8 strings out of 493308
 505 string characters out of 6143616
 52419 words of memory out of 5000000
 3564 multiletter control sequences out of 15000+600000
 3640 words of font info for 14 fonts, out of 8000000 for 9000
 957 hyphenation exceptions out of 8191
 5i,0n,4p,556b,14s stack positions out of 5000i,500n,10000p,200000b,80000s
!  ==> Fatal error occurred, no output PDF file produced!
